<?xml version="1.0" encoding="UTF-8"?>
<!-- Generated by org.testng.reporters.JUnitXMLReporter -->
<testsuite ignored="0" hostname="Vimarshs-MacBook-Air.local" failures="0" tests="9" name="Surefire test" time="85.917" errors="0" timestamp="2025-07-29T22:19:53 IST">
  <testcase classname="tests.HomePageTest" name="testLogoPresence" time="2.042"/>
  <testcase classname="tests.HomePageTest" name="testSearchBarPresence" time="2.026"/>
  <testcase classname="tests.HomePageTest" name="testCategoryDropdown" time="2.028"/>
  <testcase classname="tests.HomePageTest" name="testNavigationLinks" time="2.106"/>
  <testcase classname="tests.HomePageTest" name="testSearchFunctionalityUI" time="7.211"/>
  <testcase classname="tests.HomePageTest" name="tesrBrowseByCategory" time="3.155"/>
  <testcase classname="tests.HomePageTest" name="tesrDiscoverRareFinds" time="4.115"/>
  <testcase classname="tests.HomePageTest" name="tesrBestSellingBrands" time="5.13"/>
  <testcase classname="tests.HomePageTest" name="testFooterLinks" time="4.749"/>
</testsuite> <!-- Surefire test -->
