<?xml version="1.0" encoding="UTF-8"?>
<!-- Generated by org.testng.reporters.JUnitXMLReporter -->
<testsuite ignored="2" hostname="Vimarshs-MacBook-Air.local" failures="0" tests="1" name="Default test" time="25.273" errors="0" timestamp="2025-08-11T10:52:08 IST">
  <testcase classname="tests.PurchasingandSellingTest" name="sellingProduct" time="21.99"/>
  <testcase classname="tests.PurchasingandSellingTest" name="addingMultipleProductToCart" time="0.0">
    <ignored/>
  </testcase> <!-- addingMultipleProductToCart -->
  <testcase classname="tests.PurchasingandSellingTest" name="addingDifferentMultipleProductTo" time="0.0">
    <ignored/>
  </testcase> <!-- addingDifferentMultipleProductTo -->
</testsuite> <!-- Default test -->
