<?xml version="1.0" encoding="UTF-8"?>
<!-- Generated by org.testng.reporters.JUnitXMLReporter -->
<testsuite ignored="0" hostname="Vimarshs-MacBook-Air.local" failures="0" tests="9" name="eBay Home Page Tests" time="56.558" errors="0" timestamp="2025-07-30T11:27:19 IST">
  <testcase classname="tests.HomePageTest" name="testLogoPresence" time="2.051"/>
  <testcase classname="tests.HomePageTest" name="testSearchBarPresence" time="2.025"/>
  <testcase classname="tests.HomePageTest" name="testCategoryDropdown" time="2.038"/>
  <testcase classname="tests.HomePageTest" name="testNavigationLinks" time="2.072"/>
  <testcase classname="tests.HomePageTest" name="testSearchFunctionalityUI" time="5.564"/>
  <testcase classname="tests.HomePageTest" name="tesrBrowseByCategory" time="3.099"/>
  <testcase classname="tests.HomePageTest" name="tesrDiscoverRareFinds" time="4.117"/>
  <testcase classname="tests.HomePageTest" name="tesrBestSellingBrands" time="5.122"/>
  <testcase classname="tests.HomePageTest" name="testFooterLinks" time="5.104"/>
</testsuite> <!-- eBay Home Page Tests -->
