<?xml version="1.0" encoding="UTF-8"?>
<testsuite xmlns:xsi="http://www.w3.org/2001/XMLSchema-instance" xsi:noNamespaceSchemaLocation="https://maven.apache.org/surefire/maven-surefire-plugin/xsd/surefire-test-report-3.0.xsd" version="3.0" name="TestSuite" time="86.136" tests="9" errors="0" skipped="0" failures="0">
  <properties>
[...]
</properties>
  <testcase name="testLogoPresence" classname="tests.HomePageTest" time="2.044">
    <system-out><![CDATA[✅ Logo is present on homepage.
]]></system-out>
    <system-err><![CDATA[[main] INFO io.github.bonigarcia.wdm.WebDriverManager - Using chromedriver 138.0.7204.168 (resolved driver for Chrome 138)
[main] INFO io.github.bonigarcia.wdm.WebDriverManager - Exporting webdriver.chrome.driver as /Users/vimarsh/.cache/selenium/chromedriver/mac-arm64/138.0.7204.168/chromedriver
]]></system-err>
  </testcase>
  <testcase name="testSearchBarPresence" classname="tests.HomePageTest" time="2.025">
    <system-out><![CDATA[✅ Search bar is visible.
]]></system-out>
    <system-err><![CDATA[[main] INFO io.github.bonigarcia.wdm.WebDriverManager - Using chromedriver 138.0.7204.168 (resolved driver for Chrome 138)
[main] INFO io.github.bonigarcia.wdm.WebDriverManager - Exporting webdriver.chrome.driver as /Users/vimarsh/.cache/selenium/chromedriver/mac-arm64/138.0.7204.168/chromedriver
]]></system-err>
  </testcase>
  <testcase name="testCategoryDropdown" classname="tests.HomePageTest" time="2.029">
    <system-out><![CDATA[✅ Category dropdown is visible.
]]></system-out>
    <system-err><![CDATA[[main] INFO io.github.bonigarcia.wdm.WebDriverManager - Using chromedriver 138.0.7204.168 (resolved driver for Chrome 138)
[main] INFO io.github.bonigarcia.wdm.WebDriverManager - Exporting webdriver.chrome.driver as /Users/vimarsh/.cache/selenium/chromedriver/mac-arm64/138.0.7204.168/chromedriver
]]></system-err>
  </testcase>
  <testcase name="testNavigationLinks" classname="tests.HomePageTest" time="2.107">
    <system-out><![CDATA[✅ Top navigation links are visible.
]]></system-out>
    <system-err><![CDATA[[main] INFO io.github.bonigarcia.wdm.WebDriverManager - Using chromedriver 138.0.7204.168 (resolved driver for Chrome 138)
[main] INFO io.github.bonigarcia.wdm.WebDriverManager - Exporting webdriver.chrome.driver as /Users/vimarsh/.cache/selenium/chromedriver/mac-arm64/138.0.7204.168/chromedriver
]]></system-err>
  </testcase>
  <testcase name="testSearchFunctionalityUI" classname="tests.HomePageTest" time="7.211">
    <system-out><![CDATA[📸 Screenshot saved: ./screenshots/testSearchFunctionalityUI_1753807758175.png
✅ Search functionality UI test passed.
]]></system-out>
    <system-err><![CDATA[[main] INFO io.github.bonigarcia.wdm.WebDriverManager - Using chromedriver 138.0.7204.168 (resolved driver for Chrome 138)
[main] INFO io.github.bonigarcia.wdm.WebDriverManager - Exporting webdriver.chrome.driver as /Users/vimarsh/.cache/selenium/chromedriver/mac-arm64/138.0.7204.168/chromedriver
]]></system-err>
  </testcase>
  <testcase name="tesrBrowseByCategory" classname="tests.HomePageTest" time="3.155">
    <system-out><![CDATA[New Electronics
Collectibles
Parts & Accessories
Fashion
Health & Beauty
Home & Garden
Refurbished
✅ Browse By Categories is present on home page.
]]></system-out>
    <system-err><![CDATA[[main] INFO io.github.bonigarcia.wdm.WebDriverManager - Using chromedriver 138.0.7204.168 (resolved driver for Chrome 138)
[main] INFO io.github.bonigarcia.wdm.WebDriverManager - Exporting webdriver.chrome.driver as /Users/vimarsh/.cache/selenium/chromedriver/mac-arm64/138.0.7204.168/chromedriver
]]></system-err>
  </testcase>
  <testcase name="tesrDiscoverRareFinds" classname="tests.HomePageTest" time="4.115">
    <system-out><![CDATA[Sports Memorabilia
Sports Trading Cards
Collectible Card Games
Funko
Comics
Action Figures
Antiques
✅ Discover rare finds is present on home page.
]]></system-out>
    <system-err><![CDATA[[main] INFO io.github.bonigarcia.wdm.WebDriverManager - Using chromedriver 138.0.7204.168 (resolved driver for Chrome 138)
[main] INFO io.github.bonigarcia.wdm.WebDriverManager - Exporting webdriver.chrome.driver as /Users/vimarsh/.cache/selenium/chromedriver/mac-arm64/138.0.7204.168/chromedriver
]]></system-err>
  </testcase>
  <testcase name="tesrBestSellingBrands" classname="tests.HomePageTest" time="5.13">
    <system-out><![CDATA[Apple
Dyson
Samsung
Nintendo
PlayStation
Lego
Pokémon
✅ Best-selling brands on eBay is present on home page.
]]></system-out>
    <system-err><![CDATA[[main] INFO io.github.bonigarcia.wdm.WebDriverManager - Using chromedriver 138.0.7204.168 (resolved driver for Chrome 138)
[main] INFO io.github.bonigarcia.wdm.WebDriverManager - Exporting webdriver.chrome.driver as /Users/vimarsh/.cache/selenium/chromedriver/mac-arm64/138.0.7204.168/chromedriver
]]></system-err>
  </testcase>
  <testcase name="testFooterLinks" classname="tests.HomePageTest" time="4.748">
    <system-out><![CDATA[🔗 Total footer links found: 69
Text: Buy | URL: https://www.ebay.com/n/all-categories
Text: Registration | URL: https://www.ebay.com/help/account/default/ebay-account?id=4188
Text: Bidding & buying help | URL: https://www.ebay.com/help/buying
Text: Stores | URL: https://www.ebay.com/b/Stores-HUB/bn_7004224522
Text: Creator Collections | URL: https://storefronts.ebay.com/
Text: eBay for Charity | URL: https://www.charity.ebay.com/
Text: Charity Shop | URL: https://www.ebay.com/b/Charity/bn_7114598164
Text: Seasonal Sales and events | URL: https://www.ebay.com/b/Sales-Events/bn_7115049177
Text: eBay Gift Cards | URL: https://www.ebay.com/giftcards
Text: Sell | URL: https://www.ebay.com/sl/sell
Text: Start selling | URL: https://www.ebay.com/sl/sell
Text: How to sell | URL: https://pages.ebay.com/seller-center/get-started/selling-basics.html?utm_source=gf-learn-to-sell&utm_medium=onsite
Text: Business sellers | URL: https://pages.ebay.com/seller-center/listing-and-marketing/seller-hub.html
Text: Affiliates | URL: https://ambassador.ebay.com/
Text: Developers | URL: https://developer.ebay.com/
Text: Security center | URL: https://pages.ebay.com/securitycenter/index.html
Text: Site map | URL: https://pages.ebay.com/sitemap.html
Text: TCGplayer | URL: https://www.tcgplayer.com/
Text: Facebook | URL: https://www.facebook.com/ebay/
Text: X (Twitter) | URL: https://twitter.com/eBay
Text: About eBay | URL: https://www.ebayinc.com/
Text: Company info | URL: https://www.ebayinc.com/company/
Text: News | URL: https://www.ebayinc.com/stories/news/
Text: Deferred Prosecution Agreement with District of Massachusetts | URL: https://www.ebayinc.com/stories/press-room/#assets-settlements
Text: Investors | URL: https://investors.ebayinc.com/overview/default.aspx
Text: Careers | URL: https://careers.ebayinc.com/
Text: Diversity & Inclusion | URL: https://www.ebayinc.com/company/diversity-equity-inclusion/
Text: Global Impact | URL: https://www.ebayinc.com/impact/
Text: Government relations | URL: https://www.ebaymainstreet.com/
Text: Advertise with us | URL: https://www.ebayads.com/
Text: Policies | URL: https://www.ebay.com/help/policies/default/ebays-rules-policies?id=4205
Text: Verified Rights Owner (VeRO) Program | URL: https://pages.ebay.com/seller-center/listing-and-marketing/verified-rights-owner-program.html#what-is-the-vero-program
Text: eCI Licenses | URL: https://pages.ebay.com/ebayCommerce/mtl.html
Text: Help & Contact | URL: https://www.ebay.com/help/home
Text: Seller Center | URL: https://pages.ebay.com/seller-center/index.html?utm_source=gf&utm_medium=onsite
Text: Contact Us | URL: https://www.ebay.com/help/home
Text: eBay Returns | URL: https://pages.ebay.com/returns/
Text: eBay Money Back Guarantee | URL: https://pages.ebay.com/ebay-money-back-guarantee/
Text: Community | URL: https://community.ebay.com/
Text: Announcements | URL: https://community.ebay.com/t5/Announcements/bg-p/Announcements
Text: eBay Community | URL: https://community.ebay.com/
Text: eBay for Business Podcast | URL: https://community.ebay.com/t5/Podcasts/ct-p/Podcasts
Text:  | URL: https://www.ebayinc.com/
Text:  | URL: https://community.ebay.com/t5/Announcements/bg-p/Announcements
Text:  | URL: https://community.ebay.com/
Text:  | URL: https://pages.ebay.com/securitycenter/index.html
Text:  | URL: https://www.ebay.com/sellercenter
Text:  | URL: https://www.ebay.com/help/policies/default/ebays-rules-policies?id=4205
Text:  | URL: https://partnernetwork.ebay.com/
Text:  | URL: https://www.ebay.com/help/home
Text:  | URL: https://pages.ebay.com/sitemap.html
Text: Accessibility | URL: https://www.ebayinc.com/accessibility/
Text: User Agreement | URL: https://www.ebay.com/help/policies/member-behaviour-policies/user-agreement?id=4259
Text: Privacy | URL: https://www.ebay.com/help/policies/member-behaviour-policies/user-privacy-notice-privacy-policy?id=4260
Text: Consumer Health Data | URL: https://www.ebayinc.com/company/privacy-center/privacy-notice/consumer-health-data-privacy-policy/
Text: Payments Terms of Use | URL: https://pages.ebay.com/payment/2.0/terms.html
Text: Cookies | URL: https://www.ebay.com/help/policies/member-behaviour-policies/ebay-cookie-notice?id=4267
Text: CA Privacy Notice | URL: https://www.ebayinc.com/company/privacy-center/privacy-notice/state-privacy-disclosures/#california
Text: Your Privacy Choices | URL: https://www.ebay.com/adchoice/ccpa
Text: AdChoice | URL: https://www.ebay.com/adchoice
Text:  | URL: https://www.ebayinc.com/accessibility/
Text:  | URL: https://www.ebay.com/help/policies/member-behaviour-policies/user-agreement?id=4259
Text:  | URL: https://www.ebay.com/help/policies/member-behaviour-policies/user-privacy-notice-privacy-policy?id=4260
Text:  | URL: https://www.ebayinc.com/company/privacy-center/privacy-notice/consumer-health-data-privacy-policy/
Text:  | URL: https://pages.ebay.com/payment/2.0/terms.html
Text:  | URL: https://www.ebay.com/help/policies/member-behaviour-policies/ebay-cookie-notice?id=4267
Text:  | URL: https://www.ebayinc.com/company/privacy-center/privacy-notice/state-privacy-disclosures/#california
Text:  | URL: https://www.ebay.com/adchoice/ccpa
Text:  | URL: https://www.ebay.com/adchoice
📸 Screenshot saved: ./screenshots/FooterLinks_1753807793667.png
✅ All footer links verified successfully.
]]></system-out>
    <system-err><![CDATA[[main] INFO io.github.bonigarcia.wdm.WebDriverManager - Using chromedriver 138.0.7204.168 (resolved driver for Chrome 138)
[main] INFO io.github.bonigarcia.wdm.WebDriverManager - Exporting webdriver.chrome.driver as /Users/vimarsh/.cache/selenium/chromedriver/mac-arm64/138.0.7204.168/chromedriver
]]></system-err>
  </testcase>
</testsuite>