<?xml version="1.0" encoding="UTF-8"?>
<testng-results ignored="2" total="3" passed="1" failed="0" skipped="0">
  <reporter-output>
  </reporter-output>
  <suite started-at="2025-08-11T10:51:42 IST" name="Default suite" finished-at="2025-08-11T10:52:08 IST" duration-ms="25273">
    <groups>
    </groups>
    <test started-at="2025-08-11T10:51:42 IST" name="Default test" finished-at="2025-08-11T10:52:08 IST" duration-ms="25273">
      <class name="tests.PurchasingandSellingTest">
        <test-method is-config="true" signature="setup()[pri:0, instance:tests.PurchasingandSellingTest@59474f18]" started-at="2025-08-11T10:51:42 IST" name="setup" finished-at="2025-08-11T10:51:46 IST" duration-ms="3140" status="PASS">
          <reporter-output>
          </reporter-output>
        </test-method> <!-- setup -->
        <test-method signature="sellingProduct()[pri:3, instance:tests.PurchasingandSellingTest@59474f18]" started-at="2025-08-11T10:51:46 IST" name="sellingProduct" finished-at="2025-08-11T10:52:08 IST" duration-ms="21990" status="PASS">
          <reporter-output>
          </reporter-output>
        </test-method> <!-- sellingProduct -->
        <test-method is-config="true" signature="teardown()[pri:0, instance:tests.PurchasingandSellingTest@59474f18]" started-at="2025-08-11T10:52:08 IST" name="teardown" finished-at="2025-08-11T10:52:08 IST" duration-ms="125" status="PASS">
          <reporter-output>
          </reporter-output>
        </test-method> <!-- teardown -->
      </class> <!-- tests.PurchasingandSellingTest -->
    </test> <!-- Default test -->
  </suite> <!-- Default suite -->
</testng-results>
